{"name": "Проверка открытия всплывающего окна с деталями ингредиента", "status": "broken", "statusDetails": {"message": "selenium.common.exceptions.NoSuchElementException: Message: no such element: Unable to locate element: {\"method\":\"xpath\",\"selector\":\"//*[@href=\"/ingredient/61c0c5a71d1f82001bdaaa6d\"]\"}\n  (Session info: chrome=126.0.6478.127); For documentation on this error, please visit: https://www.selenium.dev/documentation/webdriver/troubleshooting/errors#no-such-element-exception\nStacktrace:\n0   chromedriver                        0x0000000100922a80 chromedriver + 4385408\n1   chromedriver                        0x000000010091b38c chromedriver + 4354956\n2   chromedriver                        0x0000000100538b0c chromedriver + 281356\n3   chromedriver                        0x000000010057b2f8 chromedriver + 553720\n4   chromedriver                        0x00000001005b3d24 chromedriver + 785700\n5   chromedriver                        0x000000010056feec chromedriver + 507628\n6   chromedriver                        0x00000001005708c4 chromedriver + 510148\n7   chromedriver                        0x00000001008ea43c chromedriver + 4154428\n8   chromedriver                        0x00000001008eeea0 chromedriver + 4173472\n9   chromedriver                        0x00000001008cfff8 chromedriver + 4046840\n10  chromedriver                        0x00000001008ef78c chromedriver + 4175756\n11  chromedriver                        0x00000001008c2fb8 chromedriver + 3993528\n12  chromedriver                        0x000000010090d21c chromedriver + 4297244\n13  chromedriver                        0x000000010090d398 chromedriver + 4297624\n14  chromedriver                        0x000000010091af84 chromedriver + 4353924\n15  libsystem_pthread.dylib             0x0000000183dcffa8 _pthread_start + 148\n16  libsystem_pthread.dylib             0x0000000183dcada0 thread_start + 8", "trace": "self = <tests.test_main_page.TestMainPage object at 0x104f9f200>, driver = <selenium.webdriver.chrome.webdriver.WebDriver (session=\"887fec821c8a99a0c2f93f866701308f\")>\n\n    @allure.title('Проверка открытия всплывающего окна с деталями ингредиента')\n    def test_get_ingredient_details(self, driver):\n    \n        main_page = MainPage(driver)\n>       main_page.click_on_ingredient()\n\ntests/test_main_page.py:12: \n_ _ _ _ _ _ _ _ _ _ _ _ _ _ _ _ _ _ _ _ _ _ _ _ _ _ _ _ _ _ _ _ _ _ _ _ _ _ _ _ _ _ _ _ _ _ _ _ _ _ _ _ _ _ _ _ _ _ _ _ _ _ _ _ _ _ _ _ _ _ _ _ _ _ _ _ _ _ _ _ _ _ _ _ _ _ \npages/main_page.py:15: in click_on_ingredient\n    self.move_to_element_and_click(MainPageLocators.INGREDIENT_BUN)\npages/base_page.py:43: in move_to_element_and_click\n    element = self.driver.find_element(*element_locator)\n/Library/Frameworks/Python.framework/Versions/3.12/lib/python3.12/site-packages/selenium/webdriver/remote/webdriver.py:742: in find_element\n    return self.execute(Command.FIND_ELEMENT, {\"using\": by, \"value\": value})[\"value\"]\n/Library/Frameworks/Python.framework/Versions/3.12/lib/python3.12/site-packages/selenium/webdriver/remote/webdriver.py:348: in execute\n    self.error_handler.check_response(response)\n_ _ _ _ _ _ _ _ _ _ _ _ _ _ _ _ _ _ _ _ _ _ _ _ _ _ _ _ _ _ _ _ _ _ _ _ _ _ _ _ _ _ _ _ _ _ _ _ _ _ _ _ _ _ _ _ _ _ _ _ _ _ _ _ _ _ _ _ _ _ _ _ _ _ _ _ _ _ _ _ _ _ _ _ _ _ \n\nself = <selenium.webdriver.remote.errorhandler.ErrorHandler object at 0x1050ddbe0>\nresponse = {'status': 404, 'value': '{\"value\":{\"error\":\"no such element\",\"message\":\"no such element: Unable to locate element: {\\...000183dcffa8 _pthread_start + 148\\\\n16  libsystem_pthread.dylib             0x0000000183dcada0 thread_start + 8\\\\n\"}}'}\n\n    def check_response(self, response: Dict[str, Any]) -> None:\n        \"\"\"Checks that a JSON response from the WebDriver does not have an\n        error.\n    \n        :Args:\n         - response - The JSON response from the WebDriver server as a dictionary\n           object.\n    \n        :Raises: If the response contains an error message.\n        \"\"\"\n        status = response.get(\"status\", None)\n        if not status or status == ErrorCode.SUCCESS:\n            return\n        value = None\n        message = response.get(\"message\", \"\")\n        screen: str = response.get(\"screen\", \"\")\n        stacktrace = None\n        if isinstance(status, int):\n            value_json = response.get(\"value\", None)\n            if value_json and isinstance(value_json, str):\n                import json\n    \n                try:\n                    value = json.loads(value_json)\n                    if len(value) == 1:\n                        value = value[\"value\"]\n                    status = value.get(\"error\", None)\n                    if not status:\n                        status = value.get(\"status\", ErrorCode.UNKNOWN_ERROR)\n                        message = value.get(\"value\") or value.get(\"message\")\n                        if not isinstance(message, str):\n                            value = message\n                            message = message.get(\"message\")\n                    else:\n                        message = value.get(\"message\", None)\n                except ValueError:\n                    pass\n    \n        exception_class: Type[WebDriverException]\n        e = ErrorCode()\n        error_codes = [item for item in dir(e) if not item.startswith(\"__\")]\n        for error_code in error_codes:\n            error_info = getattr(ErrorCode, error_code)\n            if isinstance(error_info, list) and status in error_info:\n                exception_class = getattr(ExceptionMapping, error_code, WebDriverException)\n                break\n        else:\n            exception_class = WebDriverException\n    \n        if not value:\n            value = response[\"value\"]\n        if isinstance(value, str):\n            raise exception_class(value)\n        if message == \"\" and \"message\" in value:\n            message = value[\"message\"]\n    \n        screen = None  # type: ignore[assignment]\n        if \"screen\" in value:\n            screen = value[\"screen\"]\n    \n        stacktrace = None\n        st_value = value.get(\"stackTrace\") or value.get(\"stacktrace\")\n        if st_value:\n            if isinstance(st_value, str):\n                stacktrace = st_value.split(\"\\n\")\n            else:\n                stacktrace = []\n                try:\n                    for frame in st_value:\n                        line = frame.get(\"lineNumber\", \"\")\n                        file = frame.get(\"fileName\", \"<anonymous>\")\n                        if line:\n                            file = f\"{file}:{line}\"\n                        meth = frame.get(\"methodName\", \"<anonymous>\")\n                        if \"className\" in frame:\n                            meth = f\"{frame['className']}.{meth}\"\n                        msg = \"    at %s (%s)\"\n                        msg = msg % (meth, file)\n                        stacktrace.append(msg)\n                except TypeError:\n                    pass\n        if exception_class == UnexpectedAlertPresentException:\n            alert_text = None\n            if \"data\" in value:\n                alert_text = value[\"data\"].get(\"text\")\n            elif \"alert\" in value:\n                alert_text = value[\"alert\"].get(\"text\")\n            raise exception_class(message, screen, stacktrace, alert_text)  # type: ignore[call-arg]  # mypy is not smart enough here\n>       raise exception_class(message, screen, stacktrace)\nE       selenium.common.exceptions.NoSuchElementException: Message: no such element: Unable to locate element: {\"method\":\"xpath\",\"selector\":\"//*[@href=\"/ingredient/61c0c5a71d1f82001bdaaa6d\"]\"}\nE         (Session info: chrome=126.0.6478.127); For documentation on this error, please visit: https://www.selenium.dev/documentation/webdriver/troubleshooting/errors#no-such-element-exception\nE       Stacktrace:\nE       0   chromedriver                        0x0000000100922a80 chromedriver + 4385408\nE       1   chromedriver                        0x000000010091b38c chromedriver + 4354956\nE       2   chromedriver                        0x0000000100538b0c chromedriver + 281356\nE       3   chromedriver                        0x000000010057b2f8 chromedriver + 553720\nE       4   chromedriver                        0x00000001005b3d24 chromedriver + 785700\nE       5   chromedriver                        0x000000010056feec chromedriver + 507628\nE       6   chromedriver                        0x00000001005708c4 chromedriver + 510148\nE       7   chromedriver                        0x00000001008ea43c chromedriver + 4154428\nE       8   chromedriver                        0x00000001008eeea0 chromedriver + 4173472\nE       9   chromedriver                        0x00000001008cfff8 chromedriver + 4046840\nE       10  chromedriver                        0x00000001008ef78c chromedriver + 4175756\nE       11  chromedriver                        0x00000001008c2fb8 chromedriver + 3993528\nE       12  chromedriver                        0x000000010090d21c chromedriver + 4297244\nE       13  chromedriver                        0x000000010090d398 chromedriver + 4297624\nE       14  chromedriver                        0x000000010091af84 chromedriver + 4353924\nE       15  libsystem_pthread.dylib             0x0000000183dcffa8 _pthread_start + 148\nE       16  libsystem_pthread.dylib             0x0000000183dcada0 thread_start + 8\n\n/Library/Frameworks/Python.framework/Versions/3.12/lib/python3.12/site-packages/selenium/webdriver/remote/errorhandler.py:229: NoSuchElementException"}, "steps": [{"name": "Раскрываем всплывающее окно с деталями ингредиента кликом на ингредиент", "status": "broken", "statusDetails": {"message": "selenium.common.exceptions.NoSuchElementException: Message: no such element: Unable to locate element: {\"method\":\"xpath\",\"selector\":\"//*[@href=\"/ingredient/61c0c5a71d1f82001bdaaa6d\"]\"}\n  (Session info: chrome=126.0.6478.127); For documentation on this error, please visit: https://www.selenium.dev/documentation/webdriver/troubleshooting/errors#no-such-element-exception\nStacktrace:\n0   chromedriver                        0x0000000100922a80 chromedriver + 4385408\n1   chromedriver                        0x000000010091b38c chromedriver + 4354956\n2   chromedriver                        0x0000000100538b0c chromedriver + 281356\n3   chromedriver                        0x000000010057b2f8 chromedriver + 553720\n4   chromedriver                        0x00000001005b3d24 chromedriver + 785700\n5   chromedriver                        0x000000010056feec chromedriver + 507628\n6   chromedriver                        0x00000001005708c4 chromedriver + 510148\n7   chromedriver                        0x00000001008ea43c chromedriver + 4154428\n8   chromedriver                        0x00000001008eeea0 chromedriver + 4173472\n9   chromedriver                        0x00000001008cfff8 chromedriver + 4046840\n10  chromedriver                        0x00000001008ef78c chromedriver + 4175756\n11  chromedriver                        0x00000001008c2fb8 chromedriver + 3993528\n12  chromedriver                        0x000000010090d21c chromedriver + 4297244\n13  chromedriver                        0x000000010090d398 chromedriver + 4297624\n14  chromedriver                        0x000000010091af84 chromedriver + 4353924\n15  libsystem_pthread.dylib             0x0000000183dcffa8 _pthread_start + 148\n16  libsystem_pthread.dylib             0x0000000183dcada0 thread_start + 8\n\n", "trace": "  File \"/Library/Frameworks/Python.framework/Versions/3.12/lib/python3.12/site-packages/allure_commons/_allure.py\", line 192, in impl\n    return func(*a, **kw)\n           ^^^^^^^^^^^^^^\n  File \"/Users/artem/Desktop/Diplom_3/pages/main_page.py\", line 15, in click_on_ingredient\n    self.move_to_element_and_click(MainPageLocators.INGREDIENT_BUN)\n  File \"/Library/Frameworks/Python.framework/Versions/3.12/lib/python3.12/site-packages/allure_commons/_allure.py\", line 192, in impl\n    return func(*a, **kw)\n           ^^^^^^^^^^^^^^\n  File \"/Users/artem/Desktop/Diplom_3/pages/base_page.py\", line 43, in move_to_element_and_click\n    element = self.driver.find_element(*element_locator)\n              ^^^^^^^^^^^^^^^^^^^^^^^^^^^^^^^^^^^^^^^^^^\n  File \"/Library/Frameworks/Python.framework/Versions/3.12/lib/python3.12/site-packages/selenium/webdriver/remote/webdriver.py\", line 742, in find_element\n    return self.execute(Command.FIND_ELEMENT, {\"using\": by, \"value\": value})[\"value\"]\n           ^^^^^^^^^^^^^^^^^^^^^^^^^^^^^^^^^^^^^^^^^^^^^^^^^^^^^^^^^^^^^^^^^\n  File \"/Library/Frameworks/Python.framework/Versions/3.12/lib/python3.12/site-packages/selenium/webdriver/remote/webdriver.py\", line 348, in execute\n    self.error_handler.check_response(response)\n  File \"/Library/Frameworks/Python.framework/Versions/3.12/lib/python3.12/site-packages/selenium/webdriver/remote/errorhandler.py\", line 229, in check_response\n    raise exception_class(message, screen, stacktrace)\n"}, "steps": [{"name": "Перемещаемся до элемента и кликаем на него", "status": "broken", "statusDetails": {"message": "selenium.common.exceptions.NoSuchElementException: Message: no such element: Unable to locate element: {\"method\":\"xpath\",\"selector\":\"//*[@href=\"/ingredient/61c0c5a71d1f82001bdaaa6d\"]\"}\n  (Session info: chrome=126.0.6478.127); For documentation on this error, please visit: https://www.selenium.dev/documentation/webdriver/troubleshooting/errors#no-such-element-exception\nStacktrace:\n0   chromedriver                        0x0000000100922a80 chromedriver + 4385408\n1   chromedriver                        0x000000010091b38c chromedriver + 4354956\n2   chromedriver                        0x0000000100538b0c chromedriver + 281356\n3   chromedriver                        0x000000010057b2f8 chromedriver + 553720\n4   chromedriver                        0x00000001005b3d24 chromedriver + 785700\n5   chromedriver                        0x000000010056feec chromedriver + 507628\n6   chromedriver                        0x00000001005708c4 chromedriver + 510148\n7   chromedriver                        0x00000001008ea43c chromedriver + 4154428\n8   chromedriver                        0x00000001008eeea0 chromedriver + 4173472\n9   chromedriver                        0x00000001008cfff8 chromedriver + 4046840\n10  chromedriver                        0x00000001008ef78c chromedriver + 4175756\n11  chromedriver                        0x00000001008c2fb8 chromedriver + 3993528\n12  chromedriver                        0x000000010090d21c chromedriver + 4297244\n13  chromedriver                        0x000000010090d398 chromedriver + 4297624\n14  chromedriver                        0x000000010091af84 chromedriver + 4353924\n15  libsystem_pthread.dylib             0x0000000183dcffa8 _pthread_start + 148\n16  libsystem_pthread.dylib             0x0000000183dcada0 thread_start + 8\n\n", "trace": "  File \"/Library/Frameworks/Python.framework/Versions/3.12/lib/python3.12/site-packages/allure_commons/_allure.py\", line 192, in impl\n    return func(*a, **kw)\n           ^^^^^^^^^^^^^^\n  File \"/Users/artem/Desktop/Diplom_3/pages/base_page.py\", line 43, in move_to_element_and_click\n    element = self.driver.find_element(*element_locator)\n              ^^^^^^^^^^^^^^^^^^^^^^^^^^^^^^^^^^^^^^^^^^\n  File \"/Library/Frameworks/Python.framework/Versions/3.12/lib/python3.12/site-packages/selenium/webdriver/remote/webdriver.py\", line 742, in find_element\n    return self.execute(Command.FIND_ELEMENT, {\"using\": by, \"value\": value})[\"value\"]\n           ^^^^^^^^^^^^^^^^^^^^^^^^^^^^^^^^^^^^^^^^^^^^^^^^^^^^^^^^^^^^^^^^^\n  File \"/Library/Frameworks/Python.framework/Versions/3.12/lib/python3.12/site-packages/selenium/webdriver/remote/webdriver.py\", line 348, in execute\n    self.error_handler.check_response(response)\n  File \"/Library/Frameworks/Python.framework/Versions/3.12/lib/python3.12/site-packages/selenium/webdriver/remote/errorhandler.py\", line 229, in check_response\n    raise exception_class(message, screen, stacktrace)\n"}, "parameters": [{"name": "element_locator", "value": "('xpath', '//*[@href=\"/ingredient/61c0c5a71d1f82001bdaaa6d\"]')"}], "start": 1720223531411, "stop": 1720223531424}], "start": 1720223531411, "stop": 1720223531427}], "parameters": [{"name": "driver", "value": "'chrome'"}], "start": 1720223531411, "stop": 1720223531428, "uuid": "18df5c38-63ab-4018-9b81-c1da65af012e", "historyId": "ba52a6d0c322ead087d9daee5f994799", "testCaseId": "eebaa6cf5a202daecf96707393942937", "fullName": "tests.test_main_page.TestMainPage#test_get_ingredient_details", "labels": [{"name": "parentSuite", "value": "tests"}, {"name": "suite", "value": "test_main_page"}, {"name": "subSuite", "value": "TestMainPage"}, {"name": "host", "value": "MacBook-Air-Artem.local"}, {"name": "thread", "value": "1354-MainThread"}, {"name": "framework", "value": "pytest"}, {"name": "language", "value": "cpython3"}, {"name": "package", "value": "tests.test_main_page"}]}